DATE:Tue Aug  2 08:28:18 CEST 2022
HOST:isengard
WORK_DIR:/mnt/home/dkottke/rs_semantic_segmentation

CommandNotFoundError: Your shell has not been properly configured to use 'conda activate'.
To initialize your shell, run

    $ conda init <SHELL_NAME>

Currently supported shells are:
  - bash
  - fish
  - tcsh
  - xonsh
  - zsh
  - powershell

See 'conda init --help' for more information and options.

IMPORTANT: You may need to close and restart your shell after running 'conda init'.


[I 2022-08-02 08:28:29.365 ServerApp] jupyterlab | extension was successfully linked.
[I 2022-08-02 08:28:29.375 ServerApp] nbclassic | extension was successfully linked.
[I 2022-08-02 08:28:29.399 ServerApp] Writing Jupyter server cookie secret to /mnt/home/dkottke/.local/share/jupyter/runtime/jupyter_cookie_secret
[I 2022-08-02 08:28:35.295 ServerApp] notebook_shim | extension was successfully linked.
[I 2022-08-02 08:28:35.398 ServerApp] notebook_shim | extension was successfully loaded.
[I 2022-08-02 08:28:35.399 LabApp] JupyterLab extension loaded from /mnt/work/python/dkottke/pytorch/lib/python3.9/site-packages/jupyterlab
[I 2022-08-02 08:28:35.399 LabApp] JupyterLab application directory is /mnt/work/python/dkottke/pytorch/share/jupyter/lab
[I 2022-08-02 08:28:35.403 ServerApp] jupyterlab | extension was successfully loaded.
[I 2022-08-02 08:28:35.416 ServerApp] nbclassic | extension was successfully loaded.
[I 2022-08-02 08:28:35.417 ServerApp] Serving notebooks from local directory: /mnt/home/dkottke/rs_semantic_segmentation
[I 2022-08-02 08:28:35.417 ServerApp] Jupyter Server 1.18.1 is running at:
[I 2022-08-02 08:28:35.417 ServerApp] http://localhost:46996/lab?token=fc598476f3747aedead65405c5815a0651a780178017208b
[I 2022-08-02 08:28:35.417 ServerApp]  or http://127.0.0.1:46996/lab?token=fc598476f3747aedead65405c5815a0651a780178017208b
[I 2022-08-02 08:28:35.417 ServerApp] Use Control-C to stop this server and shut down all kernels (twice to skip confirmation).
[W 2022-08-02 08:28:35.433 ServerApp] No web browser found: could not locate runnable browser.
[C 2022-08-02 08:28:35.433 ServerApp] 
    
    To access the server, open this file in a browser:
        file:///mnt/home/dkottke/.local/share/jupyter/runtime/jpserver-56391-open.html
    Or copy and paste one of these URLs:
        http://localhost:46996/lab?token=fc598476f3747aedead65405c5815a0651a780178017208b
     or http://127.0.0.1:46996/lab?token=fc598476f3747aedead65405c5815a0651a780178017208b
[I 2022-08-02 08:29:04.657 ServerApp] 302 GET /?token=fc598476f3747aedead65405c5815a0651a780178017208b (::1) 1.10ms
[W 2022-08-02 08:29:09.083 LabApp] Could not determine jupyterlab build status without nodejs
[I 2022-08-02 08:29:38.087 ServerApp] Uploading file to /Data.zip
[I 2022-08-02 08:30:03.015 ServerApp] Creating new notebook in 
[I 2022-08-02 08:30:04.472 ServerApp] Kernel started: a93bd76e-5d01-4269-bfa2-ee8ef9d3c69f
[I 2022-08-02 08:30:27.854 ServerApp] Saving file at /Data.zip
[I 2022-08-02 08:32:03.691 ServerApp] Saving file at /Untitled.ipynb
[I 2022-08-02 08:34:03.802 ServerApp] Saving file at /Untitled.ipynb
[I 2022-08-02 08:36:04.006 ServerApp] Saving file at /Untitled.ipynb
[I 2022-08-02 08:38:04.106 ServerApp] Saving file at /Untitled.ipynb
[I 2022-08-02 08:40:04.218 ServerApp] Saving file at /Untitled.ipynb
[I 2022-08-02 08:56:04.347 ServerApp] Saving file at /Untitled.ipynb
[I 2022-08-02 09:00:04.526 ServerApp] Saving file at /Untitled.ipynb
[I 2022-08-02 09:02:04.773 ServerApp] Saving file at /Untitled.ipynb
[I 2022-08-02 09:04:05.023 ServerApp] Saving file at /Untitled.ipynb
[I 2022-08-02 09:06:06.301 ServerApp] Saving file at /Untitled.ipynb
[I 2022-08-02 09:08:07.565 ServerApp] Saving file at /Untitled.ipynb
[I 2022-08-02 09:10:08.828 ServerApp] Saving file at /Untitled.ipynb
[I 2022-08-02 09:12:10.198 ServerApp] Saving file at /Untitled.ipynb
[I 2022-08-02 09:14:11.518 ServerApp] Saving file at /Untitled.ipynb
[I 2022-08-02 09:16:12.787 ServerApp] Saving file at /Untitled.ipynb
[I 2022-08-02 09:18:13.997 ServerApp] Saving file at /Untitled.ipynb
[I 2022-08-02 09:22:15.310 ServerApp] Saving file at /Untitled.ipynb
[I 2022-08-02 09:24:16.613 ServerApp] Saving file at /Untitled.ipynb
[I 2022-08-02 09:25:46.412 ServerApp] Creating new file in 
[I 2022-08-02 09:25:59.230 ServerApp] Saving file at /config
[I 2022-08-02 09:26:17.963 ServerApp] Saving file at /Untitled.ipynb
[I 2022-08-02 09:28:19.208 ServerApp] Saving file at /Untitled.ipynb
[I 2022-08-02 09:30:20.606 ServerApp] Saving file at /Untitled.ipynb
[I 2022-08-02 09:32:21.873 ServerApp] Saving file at /Untitled.ipynb
[I 2022-08-02 09:34:23.144 ServerApp] Saving file at /Untitled.ipynb
[I 2022-08-02 09:36:24.554 ServerApp] Saving file at /Untitled.ipynb
[I 2022-08-02 09:38:25.875 ServerApp] Saving file at /Untitled.ipynb
[I 2022-08-02 09:44:27.155 ServerApp] Saving file at /Untitled.ipynb
[I 2022-08-02 09:46:28.416 ServerApp] Saving file at /Untitled.ipynb
[I 2022-08-02 09:48:29.947 ServerApp] Saving file at /Untitled.ipynb
[I 2022-08-02 09:48:51.014 ServerApp] Creating new directory in /Data
[I 2022-08-02 09:50:32.053 ServerApp] Saving file at /Untitled.ipynb
[I 2022-08-02 09:52:33.342 ServerApp] Saving file at /Untitled.ipynb
[I 2022-08-02 09:56:34.634 ServerApp] Saving file at /Untitled.ipynb
[I 2022-08-02 09:58:35.875 ServerApp] Saving file at /Untitled.ipynb
[I 2022-08-02 10:00:38.036 ServerApp] Saving file at /Untitled.ipynb
[I 2022-08-02 10:02:43.070 ServerApp] Saving file at /Untitled.ipynb
[I 2022-08-02 10:04:44.359 ServerApp] Saving file at /Untitled.ipynb
[I 2022-08-02 10:06:45.656 ServerApp] Saving file at /Untitled.ipynb
[I 2022-08-02 10:08:46.948 ServerApp] Saving file at /Untitled.ipynb
[I 2022-08-02 10:10:48.270 ServerApp] Saving file at /Untitled.ipynb
[I 2022-08-02 10:12:49.584 ServerApp] Saving file at /Untitled.ipynb
[I 2022-08-02 10:14:50.914 ServerApp] Saving file at /Untitled.ipynb
[I 2022-08-02 10:16:52.646 ServerApp] Saving file at /Untitled.ipynb
[I 2022-08-02 10:18:53.988 ServerApp] Saving file at /Untitled.ipynb
[W 2022-08-02 10:19:19.869 ServerApp] delete /config.py
[W 2022-08-02 10:19:24.101 ServerApp] delete /Data.zip
[I 2022-08-02 10:20:05.174 ServerApp] New terminal with automatic name: 1
[I 2022-08-02 10:20:55.301 ServerApp] Saving file at /initial_exploration.ipynb
[W 2022-08-02 10:21:38.323 ServerApp] delete /rs-semantic-segmentation
[I 2022-08-02 10:22:32.891 ServerApp] Starting buffering for a93bd76e-5d01-4269-bfa2-ee8ef9d3c69f:1429c096-620b-4882-8ffe-c866f29961e6
[I 2022-08-02 10:23:00.846 ServerApp] Kernel shutdown: a93bd76e-5d01-4269-bfa2-ee8ef9d3c69f
[I 2022-08-02 10:23:00.941 ServerApp] EOF on FD 13; stopping reading
[I 2022-08-02 10:23:01.042 ServerApp] Terminal 1 closed
[W 2022-08-02 10:23:02.974 ServerApp] 404 GET /api/kernels/a93bd76e-5d01-4269-bfa2-ee8ef9d3c69f/channels?session_id=4fdbc78d-8c1d-4dee-ab2f-1daf3c0a88b3 (::1): Kernel does not exist: a93bd76e-5d01-4269-bfa2-ee8ef9d3c69f
[W 2022-08-02 10:23:03.166 ServerApp] 404 GET /api/kernels/a93bd76e-5d01-4269-bfa2-ee8ef9d3c69f/channels?session_id=4fdbc78d-8c1d-4dee-ab2f-1daf3c0a88b3 (::1) 2057.10ms referer=None
[W 2022-08-02 10:23:03.200 ServerApp] 404 GET /api/kernels/a93bd76e-5d01-4269-bfa2-ee8ef9d3c69f?1659428583161 (::1): Kernel does not exist: a93bd76e-5d01-4269-bfa2-ee8ef9d3c69f
[W 2022-08-02 10:23:03.200 ServerApp] Kernel does not exist: a93bd76e-5d01-4269-bfa2-ee8ef9d3c69f
[W 2022-08-02 10:23:03.201 ServerApp] 404 GET /api/kernels/a93bd76e-5d01-4269-bfa2-ee8ef9d3c69f?1659428583161 (::1) 2.10ms referer=http://localhost:46996/lab/tree/initial_exploration.ipynb
[I 2022-08-02 10:23:03.274 ServerApp] Shutting down on /api/shutdown request.
[I 2022-08-02 10:23:03.275 ServerApp] Shutting down 3 extensions
[I 2022-08-02 10:23:03.276 ServerApp] Shutting down 0 terminals
